Linked: (/home/vihan/turtle_ws/devel/.private/rrt_exploration/include/rrt_exploration/PointArray.h, /home/vihan/turtle_ws/devel/include/rrt_exploration/PointArray.h)
Linked: (/home/vihan/turtle_ws/devel/.private/rrt_exploration/lib/rrt_exploration/local_rrt_detector, /home/vihan/turtle_ws/devel/lib/rrt_exploration/local_rrt_detector)
Linked: (/home/vihan/turtle_ws/devel/.private/rrt_exploration/lib/rrt_exploration/global_rrt_detector, /home/vihan/turtle_ws/devel/lib/rrt_exploration/global_rrt_detector)
Linked: (/home/vihan/turtle_ws/devel/.private/rrt_exploration/lib/pkgconfig/rrt_exploration.pc, /home/vihan/turtle_ws/devel/lib/pkgconfig/rrt_exploration.pc)
Linked: (/home/vihan/turtle_ws/devel/.private/rrt_exploration/lib/python2.7/dist-packages/rrt_exploration/__init__.py, /home/vihan/turtle_ws/devel/lib/python2.7/dist-packages/rrt_exploration/__init__.py)
Linked: (/home/vihan/turtle_ws/devel/.private/rrt_exploration/lib/python2.7/dist-packages/rrt_exploration/msg/_PointArray.py, /home/vihan/turtle_ws/devel/lib/python2.7/dist-packages/rrt_exploration/msg/_PointArray.py)
Linked: (/home/vihan/turtle_ws/devel/.private/rrt_exploration/lib/python2.7/dist-packages/rrt_exploration/msg/__init__.py, /home/vihan/turtle_ws/devel/lib/python2.7/dist-packages/rrt_exploration/msg/__init__.py)
Linked: (/home/vihan/turtle_ws/devel/.private/rrt_exploration/share/rrt_exploration/cmake/rrt_explorationConfig-version.cmake, /home/vihan/turtle_ws/devel/share/rrt_exploration/cmake/rrt_explorationConfig-version.cmake)
Linked: (/home/vihan/turtle_ws/devel/.private/rrt_exploration/share/rrt_exploration/cmake/rrt_exploration-msg-extras.cmake, /home/vihan/turtle_ws/devel/share/rrt_exploration/cmake/rrt_exploration-msg-extras.cmake)
Linked: (/home/vihan/turtle_ws/devel/.private/rrt_exploration/share/rrt_exploration/cmake/rrt_exploration-msg-paths.cmake, /home/vihan/turtle_ws/devel/share/rrt_exploration/cmake/rrt_exploration-msg-paths.cmake)
Linked: (/home/vihan/turtle_ws/devel/.private/rrt_exploration/share/rrt_exploration/cmake/rrt_explorationConfig.cmake, /home/vihan/turtle_ws/devel/share/rrt_exploration/cmake/rrt_explorationConfig.cmake)
Linked: (/home/vihan/turtle_ws/devel/.private/rrt_exploration/share/gennodejs/ros/rrt_exploration/_index.js, /home/vihan/turtle_ws/devel/share/gennodejs/ros/rrt_exploration/_index.js)
Linked: (/home/vihan/turtle_ws/devel/.private/rrt_exploration/share/gennodejs/ros/rrt_exploration/msg/_index.js, /home/vihan/turtle_ws/devel/share/gennodejs/ros/rrt_exploration/msg/_index.js)
Linked: (/home/vihan/turtle_ws/devel/.private/rrt_exploration/share/gennodejs/ros/rrt_exploration/msg/PointArray.js, /home/vihan/turtle_ws/devel/share/gennodejs/ros/rrt_exploration/msg/PointArray.js)
Linked: (/home/vihan/turtle_ws/devel/.private/rrt_exploration/share/roseus/ros/rrt_exploration/manifest.l, /home/vihan/turtle_ws/devel/share/roseus/ros/rrt_exploration/manifest.l)
Linked: (/home/vihan/turtle_ws/devel/.private/rrt_exploration/share/roseus/ros/rrt_exploration/msg/PointArray.l, /home/vihan/turtle_ws/devel/share/roseus/ros/rrt_exploration/msg/PointArray.l)
Linked: (/home/vihan/turtle_ws/devel/.private/rrt_exploration/share/common-lisp/ros/rrt_exploration/msg/_package.lisp, /home/vihan/turtle_ws/devel/share/common-lisp/ros/rrt_exploration/msg/_package.lisp)
Linked: (/home/vihan/turtle_ws/devel/.private/rrt_exploration/share/common-lisp/ros/rrt_exploration/msg/PointArray.lisp, /home/vihan/turtle_ws/devel/share/common-lisp/ros/rrt_exploration/msg/PointArray.lisp)
Linked: (/home/vihan/turtle_ws/devel/.private/rrt_exploration/share/common-lisp/ros/rrt_exploration/msg/_package_PointArray.lisp, /home/vihan/turtle_ws/devel/share/common-lisp/ros/rrt_exploration/msg/_package_PointArray.lisp)
Linked: (/home/vihan/turtle_ws/devel/.private/rrt_exploration/share/common-lisp/ros/rrt_exploration/msg/rrt_exploration-msg.asd, /home/vihan/turtle_ws/devel/share/common-lisp/ros/rrt_exploration/msg/rrt_exploration-msg.asd)
