[01m[K/home/vihan/turtle_ws/src/qtros/src/main_window.cpp:[m[K In member function ‘[01m[Kvoid qtros::MainWindow::moveLeft()[m[K’:
[01m[K/home/vihan/turtle_ws/src/qtros/src/main_window.cpp:91:35:[m[K [01;31m[Kerror: [m[Kno matching function for call to ‘[01m[Klog(std::__cxx11::string)[m[K’
  log(std::string("move left <<<<"));
[01;32m[K                                   ^[m[K
In file included from [01m[K/usr/include/features.h:367:0[m[K,
                 from [01m[K/usr/include/x86_64-linux-gnu/c++/5/bits/os_defines.h:39[m[K,
                 from [01m[K/usr/include/x86_64-linux-gnu/c++/5/bits/c++config.h:482[m[K,
                 from [01m[K/usr/include/c++/5/utility:68[m[K,
                 from [01m[K/usr/include/c++/5/algorithm:60[m[K,
                 from [01m[K/usr/include/qt4/QtCore/qglobal.h:68[m[K,
                 from [01m[K/usr/include/qt4/QtCore/qalgorithms.h:45[m[K,
                 from [01m[K/usr/include/qt4/QtCore/QtCore:3[m[K,
                 from [01m[K/usr/include/qt4/QtGui/QtGui:3[m[K,
                 from [01m[K/home/vihan/turtle_ws/src/qtros/src/main_window.cpp:12[m[K:
[01m[K/usr/include/x86_64-linux-gnu/bits/mathcalls.h:109:1:[m[K [01;36m[Knote: [m[Kcandidate: double log(double)
 __MATHCALL_VEC (log,, (_Mdouble_ __x));
[01;32m[K ^[m[K
[01m[K/usr/include/x86_64-linux-gnu/bits/mathcalls.h:109:1:[m[K [01;36m[Knote: [m[K  no known conversion for argument 1 from ‘[01m[Kstd::__cxx11::string {aka std::__cxx11::basic_string<char>}[m[K’ to ‘[01m[Kdouble[m[K’
In file included from [01m[K/usr/include/boost/config/no_tr1/complex.hpp:21:0[m[K,
                 from [01m[K/usr/include/boost/math/policies/error_handling.hpp:15[m[K,
                 from [01m[K/usr/include/boost/math/special_functions/round.hpp:14[m[K,
                 from [01m[K/opt/ros/kinetic/include/ros/time.h:58[m[K,
                 from [01m[K/opt/ros/kinetic/include/ros/ros.h:38[m[K,
                 from [01m[K/home/vihan/turtle_ws/src/qtros/src/../include/qtros/qnode.hpp:22[m[K,
                 from [01m[K/home/vihan/turtle_ws/src/qtros/src/../include/qtros/main_window.hpp:17[m[K,
                 from [01m[K/home/vihan/turtle_ws/src/qtros/src/main_window.cpp:15[m[K:
[01m[K/usr/include/c++/5/complex:785:5:[m[K [01;36m[Knote: [m[Kcandidate: template<class _Tp> std::complex<_Tp> std::log(const std::complex<_Tp>&)
     log(const complex<_Tp>& __z) { return __complex_log(__z.__rep()); }
[01;32m[K     ^[m[K
[01m[K/usr/include/c++/5/complex:785:5:[m[K [01;36m[Knote: [m[K  template argument deduction/substitution failed:
[01m[K/home/vihan/turtle_ws/src/qtros/src/main_window.cpp:91:35:[m[K [01;36m[Knote: [m[K  ‘[01m[Kstd::__cxx11::string {aka std::__cxx11::basic_string<char>}[m[K’ is not derived from ‘[01m[Kconst std::complex<_Tp>[m[K’
  log(std::string("move left <<<<"));
[01;32m[K                                   ^[m[K
In file included from [01m[K/opt/ros/kinetic/include/ros/time.h:55:0[m[K,
                 from [01m[K/opt/ros/kinetic/include/ros/ros.h:38[m[K,
                 from [01m[K/home/vihan/turtle_ws/src/qtros/src/../include/qtros/qnode.hpp:22[m[K,
                 from [01m[K/home/vihan/turtle_ws/src/qtros/src/../include/qtros/main_window.hpp:17[m[K,
                 from [01m[K/home/vihan/turtle_ws/src/qtros/src/main_window.cpp:15[m[K:
[01m[K/usr/include/c++/5/cmath:369:5:[m[K [01;36m[Knote: [m[Kcandidate: template<class _Tp> typename __gnu_cxx::__enable_if<std::__is_integer<_Tp>::__value, double>::__type std::log(_Tp)
     log(_Tp __x)
[01;32m[K     ^[m[K
[01m[K/usr/include/c++/5/cmath:369:5:[m[K [01;36m[Knote: [m[K  template argument deduction/substitution failed:
/usr/include/c++/5/cmath: In substitution of ‘[01m[Ktemplate<class _Tp> typename __gnu_cxx::__enable_if<std::__is_integer<_Tp>::__value, double>::__type std::log(_Tp) [with _Tp = std::__cxx11::basic_string<char>][m[K’:
[01m[K/home/vihan/turtle_ws/src/qtros/src/main_window.cpp:91:35:[m[K   required from here
[01m[K/usr/include/c++/5/cmath:369:5:[m[K [01;31m[Kerror: [m[Kno type named ‘[01m[K__type[m[K’ in ‘[01m[Kstruct __gnu_cxx::__enable_if<false, double>[m[K’
[01m[K/usr/include/c++/5/cmath:361:3:[m[K [01;36m[Knote: [m[Kcandidate: long double std::log(long double)
   log(long double __x)
[01;32m[K   ^[m[K
[01m[K/usr/include/c++/5/cmath:361:3:[m[K [01;36m[Knote: [m[K  no known conversion for argument 1 from ‘[01m[Kstd::__cxx11::string {aka std::__cxx11::basic_string<char>}[m[K’ to ‘[01m[Klong double[m[K’
[01m[K/usr/include/c++/5/cmath:357:3:[m[K [01;36m[Knote: [m[Kcandidate: float std::log(float)
   log(float __x)
[01;32m[K   ^[m[K
[01m[K/usr/include/c++/5/cmath:357:3:[m[K [01;36m[Knote: [m[K  no known conversion for argument 1 from ‘[01m[Kstd::__cxx11::string {aka std::__cxx11::basic_string<char>}[m[K’ to ‘[01m[Kfloat[m[K’
make[2]: *** [CMakeFiles/qtros.dir/src/main_window.cpp.o] Error 1
make[1]: *** [CMakeFiles/qtros.dir/all] Error 2
make: *** [all] Error 2
