[35m[1mScanning dependencies of target std_msgs_generate_messages_nodejs[0m
[35m[1mScanning dependencies of target std_msgs_generate_messages_cpp[0m
[35m[1mScanning dependencies of target _rrt_generate_messages_check_deps_PointArray[0m
[35m[1mScanning dependencies of target geometry_msgs_generate_messages_py[0m
[35m[1mScanning dependencies of target geometry_msgs_generate_messages_nodejs[0m
[35m[1mScanning dependencies of target local_rrt_detector[0m
[35m[1mScanning dependencies of target global_rrt_detector[0m
[35m[1mScanning dependencies of target geometry_msgs_generate_messages_cpp[0m
[  0%] Built target geometry_msgs_generate_messages_nodejs
[  0%] Built target geometry_msgs_generate_messages_cpp
[  0%] Built target geometry_msgs_generate_messages_py
[  0%] Built target std_msgs_generate_messages_cpp
[  0%] Built target std_msgs_generate_messages_nodejs
[35m[1mScanning dependencies of target std_msgs_generate_messages_py[0m
[35m[1mScanning dependencies of target geometry_msgs_generate_messages_lisp[0m
[35m[1mScanning dependencies of target geometry_msgs_generate_messages_eus[0m
[35m[1mScanning dependencies of target std_msgs_generate_messages_lisp[0m
[35m[1mScanning dependencies of target std_msgs_generate_messages_eus[0m
[  0%] Built target std_msgs_generate_messages_py
[  0%] Built target geometry_msgs_generate_messages_lisp
[  0%] Built target geometry_msgs_generate_messages_eus
[  0%] Built target std_msgs_generate_messages_lisp
[  0%] Built target std_msgs_generate_messages_eus
[  0%] Built target _rrt_generate_messages_check_deps_PointArray
[35m[1mScanning dependencies of target rrt_generate_messages_nodejs[0m
[35m[1mScanning dependencies of target rrt_generate_messages_cpp[0m
[35m[1mScanning dependencies of target rrt_generate_messages_py[0m
[35m[1mScanning dependencies of target rrt_generate_messages_lisp[0m
[35m[1mScanning dependencies of target rrt_generate_messages_eus[0m
[ 13%] [34m[1mGenerating Python from MSG rrt/PointArray[0m
[ 13%] [34m[1mGenerating Javascript code from rrt/PointArray.msg[0m
[ 20%] [34m[1mGenerating C++ code from rrt/PointArray.msg[0m
[ 26%] [34m[1mGenerating EusLisp code from rrt/PointArray.msg[0m
[ 40%] [34m[1mGenerating Lisp code from rrt/PointArray.msg[0m
[ 40%] [34m[1mGenerating EusLisp manifest code for rrt[0m
[ 53%] [32mBuilding CXX object CMakeFiles/local_rrt_detector.dir/src/local_rrt_detector.cpp.o[0m
[ 53%] [32mBuilding CXX object CMakeFiles/global_rrt_detector.dir/src/global_rrt_detector.cpp.o[0m
[ 53%] Built target rrt_generate_messages_lisp
[ 53%] Built target rrt_generate_messages_nodejs
[ 60%] [32mBuilding CXX object CMakeFiles/global_rrt_detector.dir/src/functions.cpp.o[0m
[ 66%] [32mBuilding CXX object CMakeFiles/global_rrt_detector.dir/src/mtrand.cpp.o[0m
[ 73%] [32mBuilding CXX object CMakeFiles/local_rrt_detector.dir/src/functions.cpp.o[0m
[ 80%] [34m[1mGenerating Python msg __init__.py for rrt[0m
[ 80%] Built target rrt_generate_messages_cpp
[ 86%] [32mBuilding CXX object CMakeFiles/local_rrt_detector.dir/src/mtrand.cpp.o[0m
[01m[K/home/vihan/turtle_ws/src/rrt/src/functions.cpp:1:23:[m[K [01;31m[Kfatal error: [m[Kfunctions.h: No such file or directory
[01m[K/home/vihan/turtle_ws/src/rrt/src/functions.cpp:1:23:[m[K [01;31m[Kfatal error: [m[Kfunctions.h: No such file or directory
[01m[K/home/vihan/turtle_ws/src/rrt/src/mtrand.cpp:3:20:[m[K [01;31m[Kfatal error: [m[Kmtrand.h: No such file or directory
[01m[K/home/vihan/turtle_ws/src/rrt/src/mtrand.cpp:3:20:[m[K [01;31m[Kfatal error: [m[Kmtrand.h: No such file or directory
compilation terminated.
compilation terminated.
compilation terminated.
compilation terminated.
[ 86%] Built target rrt_generate_messages_py
CMakeFiles/local_rrt_detector.dir/build.make:110: recipe for target 'CMakeFiles/local_rrt_detector.dir/src/mtrand.cpp.o' failed
make[2]: *** [CMakeFiles/local_rrt_detector.dir/src/mtrand.cpp.o] Error 1
make[2]: *** Waiting for unfinished jobs....
CMakeFiles/local_rrt_detector.dir/build.make:86: recipe for target 'CMakeFiles/local_rrt_detector.dir/src/functions.cpp.o' failed
make[2]: *** [CMakeFiles/local_rrt_detector.dir/src/functions.cpp.o] Error 1
CMakeFiles/global_rrt_detector.dir/build.make:86: recipe for target 'CMakeFiles/global_rrt_detector.dir/src/functions.cpp.o' failed
CMakeFiles/global_rrt_detector.dir/build.make:110: recipe for target 'CMakeFiles/global_rrt_detector.dir/src/mtrand.cpp.o' failed
make[2]: *** [CMakeFiles/global_rrt_detector.dir/src/functions.cpp.o] Error 1
make[2]: *** Waiting for unfinished jobs....
make[2]: *** [CMakeFiles/global_rrt_detector.dir/src/mtrand.cpp.o] Error 1
[01m[K/home/vihan/turtle_ws/src/rrt/src/local_rrt_detector.cpp:8:23:[m[K [01;31m[Kfatal error: [m[Kfunctions.h: No such file or directory
[01m[K/home/vihan/turtle_ws/src/rrt/src/global_rrt_detector.cpp:8:23:[m[K [01;31m[Kfatal error: [m[Kfunctions.h: No such file or directory
compilation terminated.
compilation terminated.
CMakeFiles/global_rrt_detector.dir/build.make:62: recipe for target 'CMakeFiles/global_rrt_detector.dir/src/global_rrt_detector.cpp.o' failed
CMakeFiles/local_rrt_detector.dir/build.make:62: recipe for target 'CMakeFiles/local_rrt_detector.dir/src/local_rrt_detector.cpp.o' failed
make[2]: *** [CMakeFiles/global_rrt_detector.dir/src/global_rrt_detector.cpp.o] Error 1
make[2]: *** [CMakeFiles/local_rrt_detector.dir/src/local_rrt_detector.cpp.o] Error 1
CMakeFiles/Makefile2:67: recipe for target 'CMakeFiles/local_rrt_detector.dir/all' failed
CMakeFiles/Makefile2:104: recipe for target 'CMakeFiles/global_rrt_detector.dir/all' failed
make[1]: *** [CMakeFiles/local_rrt_detector.dir/all] Error 2
make[1]: *** Waiting for unfinished jobs....
make[1]: *** [CMakeFiles/global_rrt_detector.dir/all] Error 2
[ 86%] Built target rrt_generate_messages_eus
Makefile:138: recipe for target 'all' failed
make: *** [all] Error 2
