Symlinking /home/vihan/turtle_ws/devel/include/rrt/PointArray.h
Symlinking /home/vihan/turtle_ws/devel/lib/pkgconfig/rrt.pc
Symlinking /home/vihan/turtle_ws/devel/lib/rrt/local_rrt_detector
Symlinking /home/vihan/turtle_ws/devel/lib/rrt/global_rrt_detector
Symlinking /home/vihan/turtle_ws/devel/lib/python2.7/dist-packages/rrt/__init__.py
Symlinking /home/vihan/turtle_ws/devel/lib/python2.7/dist-packages/rrt/msg/_PointArray.py
Symlinking /home/vihan/turtle_ws/devel/lib/python2.7/dist-packages/rrt/msg/__init__.py
Symlinking /home/vihan/turtle_ws/devel/share/rrt/cmake/rrtConfig-version.cmake
Symlinking /home/vihan/turtle_ws/devel/share/rrt/cmake/rrt-msg-extras.cmake
Symlinking /home/vihan/turtle_ws/devel/share/rrt/cmake/rrtConfig.cmake
Symlinking /home/vihan/turtle_ws/devel/share/rrt/cmake/rrt-msg-paths.cmake
Symlinking /home/vihan/turtle_ws/devel/share/gennodejs/ros/rrt/_index.js
Symlinking /home/vihan/turtle_ws/devel/share/gennodejs/ros/rrt/msg/_index.js
Symlinking /home/vihan/turtle_ws/devel/share/gennodejs/ros/rrt/msg/PointArray.js
Symlinking /home/vihan/turtle_ws/devel/share/roseus/ros/rrt/manifest.l
Symlinking /home/vihan/turtle_ws/devel/share/roseus/ros/rrt/msg/PointArray.l
Symlinking /home/vihan/turtle_ws/devel/share/common-lisp/ros/rrt/msg/_package.lisp
Symlinking /home/vihan/turtle_ws/devel/share/common-lisp/ros/rrt/msg/rrt-msg.asd
Symlinking /home/vihan/turtle_ws/devel/share/common-lisp/ros/rrt/msg/PointArray.lisp
Symlinking /home/vihan/turtle_ws/devel/share/common-lisp/ros/rrt/msg/_package_PointArray.lisp
