Determining if the pthread_create exist failed with the following output:
Change Dir: /home/vihan/turtle_ws/build/turtlebot_gazebo/CMakeFiles/CMakeTmp

Run Build Command:"/usr/bin/make" "cmTC_71849/fast"
/usr/bin/make -f CMakeFiles/cmTC_71849.dir/build.make CMakeFiles/cmTC_71849.dir/build
make[1]: Entering directory '/home/vihan/turtle_ws/build/turtlebot_gazebo/CMakeFiles/CMakeTmp'
Building C object CMakeFiles/cmTC_71849.dir/CheckSymbolExists.c.o
/usr/bin/cc     -o CMakeFiles/cmTC_71849.dir/CheckSymbolExists.c.o   -c /home/vihan/turtle_ws/build/turtlebot_gazebo/CMakeFiles/CMakeTmp/CheckSymbolExists.c
Linking C executable cmTC_71849
/usr/bin/cmake -E cmake_link_script CMakeFiles/cmTC_71849.dir/link.txt --verbose=1
/usr/bin/cc       CMakeFiles/cmTC_71849.dir/CheckSymbolExists.c.o  -o cmTC_71849 -rdynamic 
CMakeFiles/cmTC_71849.dir/CheckSymbolExists.c.o: In function `main':
CheckSymbolExists.c:(.text+0x16): undefined reference to `pthread_create'
collect2: error: ld returned 1 exit status
CMakeFiles/cmTC_71849.dir/build.make:97: recipe for target 'cmTC_71849' failed
make[1]: *** [cmTC_71849] Error 1
make[1]: Leaving directory '/home/vihan/turtle_ws/build/turtlebot_gazebo/CMakeFiles/CMakeTmp'
Makefile:126: recipe for target 'cmTC_71849/fast' failed
make: *** [cmTC_71849/fast] Error 2

File /home/vihan/turtle_ws/build/turtlebot_gazebo/CMakeFiles/CMakeTmp/CheckSymbolExists.c:
/* */
#include <pthread.h>

int main(int argc, char** argv)
{
  (void)argv;
#ifndef pthread_create
  return ((int*)(&pthread_create))[argc];
#else
  (void)argc;
  return 0;
#endif
}

Determining if the function pthread_create exists in the pthreads failed with the following output:
Change Dir: /home/vihan/turtle_ws/build/turtlebot_gazebo/CMakeFiles/CMakeTmp

Run Build Command:"/usr/bin/make" "cmTC_c20fe/fast"
/usr/bin/make -f CMakeFiles/cmTC_c20fe.dir/build.make CMakeFiles/cmTC_c20fe.dir/build
make[1]: Entering directory '/home/vihan/turtle_ws/build/turtlebot_gazebo/CMakeFiles/CMakeTmp'
Building C object CMakeFiles/cmTC_c20fe.dir/CheckFunctionExists.c.o
/usr/bin/cc    -DCHECK_FUNCTION_EXISTS=pthread_create   -o CMakeFiles/cmTC_c20fe.dir/CheckFunctionExists.c.o   -c /usr/share/cmake-3.5/Modules/CheckFunctionExists.c
Linking C executable cmTC_c20fe
/usr/bin/cmake -E cmake_link_script CMakeFiles/cmTC_c20fe.dir/link.txt --verbose=1
/usr/bin/cc   -DCHECK_FUNCTION_EXISTS=pthread_create    CMakeFiles/cmTC_c20fe.dir/CheckFunctionExists.c.o  -o cmTC_c20fe -rdynamic -lpthreads 
/usr/bin/ld: cannot find -lpthreads
collect2: error: ld returned 1 exit status
CMakeFiles/cmTC_c20fe.dir/build.make:97: recipe for target 'cmTC_c20fe' failed
make[1]: *** [cmTC_c20fe] Error 1
make[1]: Leaving directory '/home/vihan/turtle_ws/build/turtlebot_gazebo/CMakeFiles/CMakeTmp'
Makefile:126: recipe for target 'cmTC_c20fe/fast' failed
make: *** [cmTC_c20fe/fast] Error 2


